This is pdfTeX, Version 3.14159265-2.6-1.40.20 (TeX Live 2019) (preloaded format=pdflatex 2019.11.20)  7 DEC 2019 23:55
entering extended mode
 restricted \write18 enabled.
 file:line:error style messages enabled.
 %&-line parsing enabled.
**/Users/reinaldo/Documents/GitHub/OtimizacaodeTransporte/solution.tex
(/Users/reinaldo/Documents/GitHub/OtimizacaodeTransporte/solution.tex
LaTeX2e <2018-12-01>
(/usr/local/texlive/2019/texmf-dist/tex/latex/base/article.cls
Document Class: article 2018/09/03 v1.4i Standard LaTeX document class
(/usr/local/texlive/2019/texmf-dist/tex/latex/base/size10.clo
File: size10.clo 2018/09/03 v1.4i Standard LaTeX file (size option)
)
\c@part=\count80
\c@section=\count81
\c@subsection=\count82
\c@subsubsection=\count83
\c@paragraph=\count84
\c@subparagraph=\count85
\c@figure=\count86
\c@table=\count87
\abovecaptionskip=\skip41
\belowcaptionskip=\skip42
\bibindent=\dimen102
) (/usr/local/texlive/2019/texmf-dist/tex/latex/base/inputenc.sty
Package: inputenc 2018/08/11 v1.3c Input encoding file
\inpenc@prehook=\toks14
\inpenc@posthook=\toks15
) (/Users/reinaldo/Documents/GitHub/OtimizacaodeTransporte/solution.aux)
\openout1 = `solution.aux'.

LaTeX Font Info:    Checking defaults for OML/cmm/m/it on input line 1.
LaTeX Font Info:    ... okay on input line 1.
LaTeX Font Info:    Checking defaults for T1/cmr/m/n on input line 1.
LaTeX Font Info:    ... okay on input line 1.
LaTeX Font Info:    Checking defaults for OT1/cmr/m/n on input line 1.
LaTeX Font Info:    ... okay on input line 1.
LaTeX Font Info:    Checking defaults for OMS/cmsy/m/n on input line 1.
LaTeX Font Info:    ... okay on input line 1.
LaTeX Font Info:    Checking defaults for OMX/cmex/m/n on input line 1.
LaTeX Font Info:    ... okay on input line 1.
LaTeX Font Info:    Checking defaults for U/cmr/m/n on input line 1.
LaTeX Font Info:    ... okay on input line 1.
LaTeX Font Info:    External font `cmex10' loaded for size
(Font)              <12> on input line 1.
LaTeX Font Info:    External font `cmex10' loaded for size
(Font)              <8> on input line 1.
LaTeX Font Info:    External font `cmex10' loaded for size
(Font)              <6> on input line 1.
LaTeX Font Info:    External font `cmex10' loaded for size
(Font)              <7> on input line 1.
LaTeX Font Info:    External font `cmex10' loaded for size
(Font)              <5> on input line 1.
 [1

{/usr/local/texlive/2019/texmf-var/fonts/map/pdftex/updmap/pdftex.map}] (/Users/reinaldo/Documents/GitHub/OtimizacaodeTransporte/solution.aux) ) 
Here is how much of TeX's memory you used:
 248 strings out of 492616
 3329 string characters out of 6129480
 62137 words of memory out of 5000000
 4240 multiletter control sequences out of 15000+600000
 6675 words of font info for 24 fonts, out of 8000000 for 9000
 1141 hyphenation exceptions out of 8191
 23i,8n,18p,618b,188s stack positions out of 5000i,500n,10000p,200000b,80000s
</usr/local/texlive/2019/texmf-dist/fonts/type1/public/amsfonts/cm/cmr10.pfb></usr/local/texlive/2019/texmf-dist/fonts/type1/public/amsfonts/cm/cmr12.pfb></usr/local/texlive/2019/texmf-dist/fonts/type1/public/amsfonts/cm/cmr17.pfb>
Output written on /Users/reinaldo/Documents/GitHub/OtimizacaodeTransporte/solution.pdf (1 page, 35949 bytes).
PDF statistics:
 20 PDF objects out of 1000 (max. 8388607)
 13 compressed objects within 1 object stream
 0 named destinations out of 1000 (max. 500000)
 1 words of extra memory for PDF output out of 10000 (max. 10000000)

